<?xml version="1.0" encoding="UTF-8"?>
<testsuite xmlns:xsi="http://www.w3.org/2001/XMLSchema-instance" xsi:noNamespaceSchemaLocation="https://maven.apache.org/surefire/maven-surefire-plugin/xsd/surefire-test-report-3.0.xsd" version="3.0" name="com.example.agifyapp.service.AgifyServiceIntegrationTest" time="0.645" tests="3" errors="0" skipped="0" failures="0">
  <properties>
    <property name="java.specification.version" value="17"/>
    <property name="sun.jnu.encoding" value="UTF-8"/>
    <property name="java.class.path" value="/Users/baileyvanwormer/SpringBootTest/target/test-classes:/Users/baileyvanwormer/SpringBootTest/target/classes:/Users/baileyvanwormer/.m2/repository/org/springframework/boot/spring-boot-starter-web/3.2.0/spring-boot-starter-web-3.2.0.jar:/Users/baileyvanwormer/.m2/repository/org/springframework/boot/spring-boot-starter/3.2.0/spring-boot-starter-3.2.0.jar:/Users/baileyvanwormer/.m2/repository/org/springframework/boot/spring-boot/3.2.0/spring-boot-3.2.0.jar:/Users/baileyvanwormer/.m2/repository/org/springframework/boot/spring-boot-autoconfigure/3.2.0/spring-boot-autoconfigure-3.2.0.jar:/Users/baileyvanwormer/.m2/repository/org/springframework/boot/spring-boot-starter-logging/3.2.0/spring-boot-starter-logging-3.2.0.jar:/Users/baileyvanwormer/.m2/repository/ch/qos/logback/logback-classic/1.4.11/logback-classic-1.4.11.jar:/Users/baileyvanwormer/.m2/repository/ch/qos/logback/logback-core/1.4.11/logback-core-1.4.11.jar:/Users/baileyvanwormer/.m2/repository/org/apache/logging/log4j/log4j-to-slf4j/2.21.1/log4j-to-slf4j-2.21.1.jar:/Users/baileyvanwormer/.m2/repository/org/apache/logging/log4j/log4j-api/2.21.1/log4j-api-2.21.1.jar:/Users/baileyvanwormer/.m2/repository/org/slf4j/jul-to-slf4j/2.0.9/jul-to-slf4j-2.0.9.jar:/Users/baileyvanwormer/.m2/repository/jakarta/annotation/jakarta.annotation-api/2.1.1/jakarta.annotation-api-2.1.1.jar:/Users/baileyvanwormer/.m2/repository/org/yaml/snakeyaml/2.2/snakeyaml-2.2.jar:/Users/baileyvanwormer/.m2/repository/org/springframework/boot/spring-boot-starter-json/3.2.0/spring-boot-starter-json-3.2.0.jar:/Users/baileyvanwormer/.m2/repository/com/fasterxml/jackson/datatype/jackson-datatype-jdk8/2.15.3/jackson-datatype-jdk8-2.15.3.jar:/Users/baileyvanwormer/.m2/repository/com/fasterxml/jackson/datatype/jackson-datatype-jsr310/2.15.3/jackson-datatype-jsr310-2.15.3.jar:/Users/baileyvanwormer/.m2/repository/com/fasterxml/jackson/module/jackson-module-parameter-names/2.15.3/jackson-module-parameter-names-2.15.3.jar:/Users/baileyvanwormer/.m2/repository/org/springframework/boot/spring-boot-starter-tomcat/3.2.0/spring-boot-starter-tomcat-3.2.0.jar:/Users/baileyvanwormer/.m2/repository/org/apache/tomcat/embed/tomcat-embed-core/10.1.16/tomcat-embed-core-10.1.16.jar:/Users/baileyvanwormer/.m2/repository/org/apache/tomcat/embed/tomcat-embed-websocket/10.1.16/tomcat-embed-websocket-10.1.16.jar:/Users/baileyvanwormer/.m2/repository/org/springframework/spring-web/6.1.1/spring-web-6.1.1.jar:/Users/baileyvanwormer/.m2/repository/org/springframework/spring-beans/6.1.1/spring-beans-6.1.1.jar:/Users/baileyvanwormer/.m2/repository/io/micrometer/micrometer-observation/1.12.0/micrometer-observation-1.12.0.jar:/Users/baileyvanwormer/.m2/repository/io/micrometer/micrometer-commons/1.12.0/micrometer-commons-1.12.0.jar:/Users/baileyvanwormer/.m2/repository/org/springframework/spring-webmvc/6.1.1/spring-webmvc-6.1.1.jar:/Users/baileyvanwormer/.m2/repository/org/springframework/spring-aop/6.1.1/spring-aop-6.1.1.jar:/Users/baileyvanwormer/.m2/repository/org/springframework/spring-context/6.1.1/spring-context-6.1.1.jar:/Users/baileyvanwormer/.m2/repository/org/springframework/spring-expression/6.1.1/spring-expression-6.1.1.jar:/Users/baileyvanwormer/.m2/repository/org/springframework/boot/spring-boot-starter-thymeleaf/3.2.0/spring-boot-starter-thymeleaf-3.2.0.jar:/Users/baileyvanwormer/.m2/repository/org/thymeleaf/thymeleaf-spring6/3.1.2.RELEASE/thymeleaf-spring6-3.1.2.RELEASE.jar:/Users/baileyvanwormer/.m2/repository/org/thymeleaf/thymeleaf/3.1.2.RELEASE/thymeleaf-3.1.2.RELEASE.jar:/Users/baileyvanwormer/.m2/repository/org/attoparser/attoparser/2.0.7.RELEASE/attoparser-2.0.7.RELEASE.jar:/Users/baileyvanwormer/.m2/repository/org/unbescape/unbescape/1.1.6.RELEASE/unbescape-1.1.6.RELEASE.jar:/Users/baileyvanwormer/.m2/repository/org/slf4j/slf4j-api/2.0.9/slf4j-api-2.0.9.jar:/Users/baileyvanwormer/.m2/repository/org/springframework/boot/spring-boot-starter-validation/3.2.0/spring-boot-starter-validation-3.2.0.jar:/Users/baileyvanwormer/.m2/repository/org/apache/tomcat/embed/tomcat-embed-el/10.1.16/tomcat-embed-el-10.1.16.jar:/Users/baileyvanwormer/.m2/repository/org/hibernate/validator/hibernate-validator/8.0.1.Final/hibernate-validator-8.0.1.Final.jar:/Users/baileyvanwormer/.m2/repository/jakarta/validation/jakarta.validation-api/3.0.2/jakarta.validation-api-3.0.2.jar:/Users/baileyvanwormer/.m2/repository/org/jboss/logging/jboss-logging/3.5.3.Final/jboss-logging-3.5.3.Final.jar:/Users/baileyvanwormer/.m2/repository/com/fasterxml/classmate/1.6.0/classmate-1.6.0.jar:/Users/baileyvanwormer/.m2/repository/org/springframework/boot/spring-boot-starter-test/3.2.0/spring-boot-starter-test-3.2.0.jar:/Users/baileyvanwormer/.m2/repository/org/springframework/boot/spring-boot-test/3.2.0/spring-boot-test-3.2.0.jar:/Users/baileyvanwormer/.m2/repository/org/springframework/boot/spring-boot-test-autoconfigure/3.2.0/spring-boot-test-autoconfigure-3.2.0.jar:/Users/baileyvanwormer/.m2/repository/com/jayway/jsonpath/json-path/2.8.0/json-path-2.8.0.jar:/Users/baileyvanwormer/.m2/repository/jakarta/xml/bind/jakarta.xml.bind-api/4.0.1/jakarta.xml.bind-api-4.0.1.jar:/Users/baileyvanwormer/.m2/repository/jakarta/activation/jakarta.activation-api/2.1.2/jakarta.activation-api-2.1.2.jar:/Users/baileyvanwormer/.m2/repository/net/minidev/json-smart/2.5.0/json-smart-2.5.0.jar:/Users/baileyvanwormer/.m2/repository/net/minidev/accessors-smart/2.5.0/accessors-smart-2.5.0.jar:/Users/baileyvanwormer/.m2/repository/org/ow2/asm/asm/9.3/asm-9.3.jar:/Users/baileyvanwormer/.m2/repository/org/assertj/assertj-core/3.24.2/assertj-core-3.24.2.jar:/Users/baileyvanwormer/.m2/repository/net/bytebuddy/byte-buddy/1.14.10/byte-buddy-1.14.10.jar:/Users/baileyvanwormer/.m2/repository/org/awaitility/awaitility/4.2.0/awaitility-4.2.0.jar:/Users/baileyvanwormer/.m2/repository/org/hamcrest/hamcrest/2.2/hamcrest-2.2.jar:/Users/baileyvanwormer/.m2/repository/org/junit/jupiter/junit-jupiter/5.10.1/junit-jupiter-5.10.1.jar:/Users/baileyvanwormer/.m2/repository/org/junit/jupiter/junit-jupiter-api/5.10.1/junit-jupiter-api-5.10.1.jar:/Users/baileyvanwormer/.m2/repository/org/junit/jupiter/junit-jupiter-params/5.10.1/junit-jupiter-params-5.10.1.jar:/Users/baileyvanwormer/.m2/repository/org/junit/jupiter/junit-jupiter-engine/5.10.1/junit-jupiter-engine-5.10.1.jar:/Users/baileyvanwormer/.m2/repository/org/mockito/mockito-core/5.7.0/mockito-core-5.7.0.jar:/Users/baileyvanwormer/.m2/repository/net/bytebuddy/byte-buddy-agent/1.14.10/byte-buddy-agent-1.14.10.jar:/Users/baileyvanwormer/.m2/repository/org/objenesis/objenesis/3.3/objenesis-3.3.jar:/Users/baileyvanwormer/.m2/repository/org/mockito/mockito-junit-jupiter/5.7.0/mockito-junit-jupiter-5.7.0.jar:/Users/baileyvanwormer/.m2/repository/org/skyscreamer/jsonassert/1.5.1/jsonassert-1.5.1.jar:/Users/baileyvanwormer/.m2/repository/com/vaadin/external/google/android-json/0.0.20131108.vaadin1/android-json-0.0.20131108.vaadin1.jar:/Users/baileyvanwormer/.m2/repository/org/springframework/spring-core/6.1.1/spring-core-6.1.1.jar:/Users/baileyvanwormer/.m2/repository/org/springframework/spring-jcl/6.1.1/spring-jcl-6.1.1.jar:/Users/baileyvanwormer/.m2/repository/org/springframework/spring-test/6.1.1/spring-test-6.1.1.jar:/Users/baileyvanwormer/.m2/repository/org/xmlunit/xmlunit-core/2.9.1/xmlunit-core-2.9.1.jar:/Users/baileyvanwormer/.m2/repository/org/junit/platform/junit-platform-suite-engine/1.10.1/junit-platform-suite-engine-1.10.1.jar:/Users/baileyvanwormer/.m2/repository/org/junit/platform/junit-platform-engine/1.10.1/junit-platform-engine-1.10.1.jar:/Users/baileyvanwormer/.m2/repository/org/opentest4j/opentest4j/1.3.0/opentest4j-1.3.0.jar:/Users/baileyvanwormer/.m2/repository/org/junit/platform/junit-platform-commons/1.10.1/junit-platform-commons-1.10.1.jar:/Users/baileyvanwormer/.m2/repository/org/junit/platform/junit-platform-suite-api/1.10.1/junit-platform-suite-api-1.10.1.jar:/Users/baileyvanwormer/.m2/repository/org/apiguardian/apiguardian-api/1.1.2/apiguardian-api-1.1.2.jar:/Users/baileyvanwormer/.m2/repository/org/junit/platform/junit-platform-suite-commons/1.10.1/junit-platform-suite-commons-1.10.1.jar:/Users/baileyvanwormer/.m2/repository/org/junit/platform/junit-platform-launcher/1.10.1/junit-platform-launcher-1.10.1.jar:/Users/baileyvanwormer/.m2/repository/com/fasterxml/jackson/core/jackson-databind/2.15.3/jackson-databind-2.15.3.jar:/Users/baileyvanwormer/.m2/repository/com/fasterxml/jackson/core/jackson-annotations/2.15.3/jackson-annotations-2.15.3.jar:/Users/baileyvanwormer/.m2/repository/com/fasterxml/jackson/core/jackson-core/2.15.3/jackson-core-2.15.3.jar:"/>
    <property name="java.vm.vendor" value="BellSoft"/>
    <property name="sun.arch.data.model" value="64"/>
    <property name="java.vendor.url" value="https://bell-sw.com/"/>
    <property name="catalina.useNaming" value="false"/>
    <property name="user.timezone" value="America/New_York"/>
    <property name="org.jboss.logging.provider" value="slf4j"/>
    <property name="os.name" value="Mac OS X"/>
    <property name="java.vm.specification.version" value="17"/>
    <property name="sun.java.launcher" value="SUN_STANDARD"/>
    <property name="user.country" value="US"/>
    <property name="sun.boot.library.path" value="/Users/baileyvanwormer/.sdkman/candidates/java/17.0.9.fx-librca/lib"/>
    <property name="sun.java.command" value="/Users/baileyvanwormer/SpringBootTest/target/surefire/surefirebooter-20250930232957690_3.jar /Users/baileyvanwormer/SpringBootTest/target/surefire 2025-09-30T23-29-57_652-jvmRun1 surefire-20250930232957690_1tmp surefire_0-20250930232957690_2tmp"/>
    <property name="http.nonProxyHosts" value="local|*.local|169.254/16|*.169.254/16"/>
    <property name="jdk.debug" value="release"/>
    <property name="surefire.test.class.path" value="/Users/baileyvanwormer/SpringBootTest/target/test-classes:/Users/baileyvanwormer/SpringBootTest/target/classes:/Users/baileyvanwormer/.m2/repository/org/springframework/boot/spring-boot-starter-web/3.2.0/spring-boot-starter-web-3.2.0.jar:/Users/baileyvanwormer/.m2/repository/org/springframework/boot/spring-boot-starter/3.2.0/spring-boot-starter-3.2.0.jar:/Users/baileyvanwormer/.m2/repository/org/springframework/boot/spring-boot/3.2.0/spring-boot-3.2.0.jar:/Users/baileyvanwormer/.m2/repository/org/springframework/boot/spring-boot-autoconfigure/3.2.0/spring-boot-autoconfigure-3.2.0.jar:/Users/baileyvanwormer/.m2/repository/org/springframework/boot/spring-boot-starter-logging/3.2.0/spring-boot-starter-logging-3.2.0.jar:/Users/baileyvanwormer/.m2/repository/ch/qos/logback/logback-classic/1.4.11/logback-classic-1.4.11.jar:/Users/baileyvanwormer/.m2/repository/ch/qos/logback/logback-core/1.4.11/logback-core-1.4.11.jar:/Users/baileyvanwormer/.m2/repository/org/apache/logging/log4j/log4j-to-slf4j/2.21.1/log4j-to-slf4j-2.21.1.jar:/Users/baileyvanwormer/.m2/repository/org/apache/logging/log4j/log4j-api/2.21.1/log4j-api-2.21.1.jar:/Users/baileyvanwormer/.m2/repository/org/slf4j/jul-to-slf4j/2.0.9/jul-to-slf4j-2.0.9.jar:/Users/baileyvanwormer/.m2/repository/jakarta/annotation/jakarta.annotation-api/2.1.1/jakarta.annotation-api-2.1.1.jar:/Users/baileyvanwormer/.m2/repository/org/yaml/snakeyaml/2.2/snakeyaml-2.2.jar:/Users/baileyvanwormer/.m2/repository/org/springframework/boot/spring-boot-starter-json/3.2.0/spring-boot-starter-json-3.2.0.jar:/Users/baileyvanwormer/.m2/repository/com/fasterxml/jackson/datatype/jackson-datatype-jdk8/2.15.3/jackson-datatype-jdk8-2.15.3.jar:/Users/baileyvanwormer/.m2/repository/com/fasterxml/jackson/datatype/jackson-datatype-jsr310/2.15.3/jackson-datatype-jsr310-2.15.3.jar:/Users/baileyvanwormer/.m2/repository/com/fasterxml/jackson/module/jackson-module-parameter-names/2.15.3/jackson-module-parameter-names-2.15.3.jar:/Users/baileyvanwormer/.m2/repository/org/springframework/boot/spring-boot-starter-tomcat/3.2.0/spring-boot-starter-tomcat-3.2.0.jar:/Users/baileyvanwormer/.m2/repository/org/apache/tomcat/embed/tomcat-embed-core/10.1.16/tomcat-embed-core-10.1.16.jar:/Users/baileyvanwormer/.m2/repository/org/apache/tomcat/embed/tomcat-embed-websocket/10.1.16/tomcat-embed-websocket-10.1.16.jar:/Users/baileyvanwormer/.m2/repository/org/springframework/spring-web/6.1.1/spring-web-6.1.1.jar:/Users/baileyvanwormer/.m2/repository/org/springframework/spring-beans/6.1.1/spring-beans-6.1.1.jar:/Users/baileyvanwormer/.m2/repository/io/micrometer/micrometer-observation/1.12.0/micrometer-observation-1.12.0.jar:/Users/baileyvanwormer/.m2/repository/io/micrometer/micrometer-commons/1.12.0/micrometer-commons-1.12.0.jar:/Users/baileyvanwormer/.m2/repository/org/springframework/spring-webmvc/6.1.1/spring-webmvc-6.1.1.jar:/Users/baileyvanwormer/.m2/repository/org/springframework/spring-aop/6.1.1/spring-aop-6.1.1.jar:/Users/baileyvanwormer/.m2/repository/org/springframework/spring-context/6.1.1/spring-context-6.1.1.jar:/Users/baileyvanwormer/.m2/repository/org/springframework/spring-expression/6.1.1/spring-expression-6.1.1.jar:/Users/baileyvanwormer/.m2/repository/org/springframework/boot/spring-boot-starter-thymeleaf/3.2.0/spring-boot-starter-thymeleaf-3.2.0.jar:/Users/baileyvanwormer/.m2/repository/org/thymeleaf/thymeleaf-spring6/3.1.2.RELEASE/thymeleaf-spring6-3.1.2.RELEASE.jar:/Users/baileyvanwormer/.m2/repository/org/thymeleaf/thymeleaf/3.1.2.RELEASE/thymeleaf-3.1.2.RELEASE.jar:/Users/baileyvanwormer/.m2/repository/org/attoparser/attoparser/2.0.7.RELEASE/attoparser-2.0.7.RELEASE.jar:/Users/baileyvanwormer/.m2/repository/org/unbescape/unbescape/1.1.6.RELEASE/unbescape-1.1.6.RELEASE.jar:/Users/baileyvanwormer/.m2/repository/org/slf4j/slf4j-api/2.0.9/slf4j-api-2.0.9.jar:/Users/baileyvanwormer/.m2/repository/org/springframework/boot/spring-boot-starter-validation/3.2.0/spring-boot-starter-validation-3.2.0.jar:/Users/baileyvanwormer/.m2/repository/org/apache/tomcat/embed/tomcat-embed-el/10.1.16/tomcat-embed-el-10.1.16.jar:/Users/baileyvanwormer/.m2/repository/org/hibernate/validator/hibernate-validator/8.0.1.Final/hibernate-validator-8.0.1.Final.jar:/Users/baileyvanwormer/.m2/repository/jakarta/validation/jakarta.validation-api/3.0.2/jakarta.validation-api-3.0.2.jar:/Users/baileyvanwormer/.m2/repository/org/jboss/logging/jboss-logging/3.5.3.Final/jboss-logging-3.5.3.Final.jar:/Users/baileyvanwormer/.m2/repository/com/fasterxml/classmate/1.6.0/classmate-1.6.0.jar:/Users/baileyvanwormer/.m2/repository/org/springframework/boot/spring-boot-starter-test/3.2.0/spring-boot-starter-test-3.2.0.jar:/Users/baileyvanwormer/.m2/repository/org/springframework/boot/spring-boot-test/3.2.0/spring-boot-test-3.2.0.jar:/Users/baileyvanwormer/.m2/repository/org/springframework/boot/spring-boot-test-autoconfigure/3.2.0/spring-boot-test-autoconfigure-3.2.0.jar:/Users/baileyvanwormer/.m2/repository/com/jayway/jsonpath/json-path/2.8.0/json-path-2.8.0.jar:/Users/baileyvanwormer/.m2/repository/jakarta/xml/bind/jakarta.xml.bind-api/4.0.1/jakarta.xml.bind-api-4.0.1.jar:/Users/baileyvanwormer/.m2/repository/jakarta/activation/jakarta.activation-api/2.1.2/jakarta.activation-api-2.1.2.jar:/Users/baileyvanwormer/.m2/repository/net/minidev/json-smart/2.5.0/json-smart-2.5.0.jar:/Users/baileyvanwormer/.m2/repository/net/minidev/accessors-smart/2.5.0/accessors-smart-2.5.0.jar:/Users/baileyvanwormer/.m2/repository/org/ow2/asm/asm/9.3/asm-9.3.jar:/Users/baileyvanwormer/.m2/repository/org/assertj/assertj-core/3.24.2/assertj-core-3.24.2.jar:/Users/baileyvanwormer/.m2/repository/net/bytebuddy/byte-buddy/1.14.10/byte-buddy-1.14.10.jar:/Users/baileyvanwormer/.m2/repository/org/awaitility/awaitility/4.2.0/awaitility-4.2.0.jar:/Users/baileyvanwormer/.m2/repository/org/hamcrest/hamcrest/2.2/hamcrest-2.2.jar:/Users/baileyvanwormer/.m2/repository/org/junit/jupiter/junit-jupiter/5.10.1/junit-jupiter-5.10.1.jar:/Users/baileyvanwormer/.m2/repository/org/junit/jupiter/junit-jupiter-api/5.10.1/junit-jupiter-api-5.10.1.jar:/Users/baileyvanwormer/.m2/repository/org/junit/jupiter/junit-jupiter-params/5.10.1/junit-jupiter-params-5.10.1.jar:/Users/baileyvanwormer/.m2/repository/org/junit/jupiter/junit-jupiter-engine/5.10.1/junit-jupiter-engine-5.10.1.jar:/Users/baileyvanwormer/.m2/repository/org/mockito/mockito-core/5.7.0/mockito-core-5.7.0.jar:/Users/baileyvanwormer/.m2/repository/net/bytebuddy/byte-buddy-agent/1.14.10/byte-buddy-agent-1.14.10.jar:/Users/baileyvanwormer/.m2/repository/org/objenesis/objenesis/3.3/objenesis-3.3.jar:/Users/baileyvanwormer/.m2/repository/org/mockito/mockito-junit-jupiter/5.7.0/mockito-junit-jupiter-5.7.0.jar:/Users/baileyvanwormer/.m2/repository/org/skyscreamer/jsonassert/1.5.1/jsonassert-1.5.1.jar:/Users/baileyvanwormer/.m2/repository/com/vaadin/external/google/android-json/0.0.20131108.vaadin1/android-json-0.0.20131108.vaadin1.jar:/Users/baileyvanwormer/.m2/repository/org/springframework/spring-core/6.1.1/spring-core-6.1.1.jar:/Users/baileyvanwormer/.m2/repository/org/springframework/spring-jcl/6.1.1/spring-jcl-6.1.1.jar:/Users/baileyvanwormer/.m2/repository/org/springframework/spring-test/6.1.1/spring-test-6.1.1.jar:/Users/baileyvanwormer/.m2/repository/org/xmlunit/xmlunit-core/2.9.1/xmlunit-core-2.9.1.jar:/Users/baileyvanwormer/.m2/repository/org/junit/platform/junit-platform-suite-engine/1.10.1/junit-platform-suite-engine-1.10.1.jar:/Users/baileyvanwormer/.m2/repository/org/junit/platform/junit-platform-engine/1.10.1/junit-platform-engine-1.10.1.jar:/Users/baileyvanwormer/.m2/repository/org/opentest4j/opentest4j/1.3.0/opentest4j-1.3.0.jar:/Users/baileyvanwormer/.m2/repository/org/junit/platform/junit-platform-commons/1.10.1/junit-platform-commons-1.10.1.jar:/Users/baileyvanwormer/.m2/repository/org/junit/platform/junit-platform-suite-api/1.10.1/junit-platform-suite-api-1.10.1.jar:/Users/baileyvanwormer/.m2/repository/org/apiguardian/apiguardian-api/1.1.2/apiguardian-api-1.1.2.jar:/Users/baileyvanwormer/.m2/repository/org/junit/platform/junit-platform-suite-commons/1.10.1/junit-platform-suite-commons-1.10.1.jar:/Users/baileyvanwormer/.m2/repository/org/junit/platform/junit-platform-launcher/1.10.1/junit-platform-launcher-1.10.1.jar:/Users/baileyvanwormer/.m2/repository/com/fasterxml/jackson/core/jackson-databind/2.15.3/jackson-databind-2.15.3.jar:/Users/baileyvanwormer/.m2/repository/com/fasterxml/jackson/core/jackson-annotations/2.15.3/jackson-annotations-2.15.3.jar:/Users/baileyvanwormer/.m2/repository/com/fasterxml/jackson/core/jackson-core/2.15.3/jackson-core-2.15.3.jar:"/>
    <property name="sun.cpu.endian" value="little"/>
    <property name="user.home" value="/Users/baileyvanwormer"/>
    <property name="user.language" value="en"/>
    <property name="java.specification.vendor" value="Oracle Corporation"/>
    <property name="java.version.date" value="2023-10-17"/>
    <property name="java.home" value="/Users/baileyvanwormer/.sdkman/candidates/java/17.0.9.fx-librca"/>
    <property name="file.separator" value="/"/>
    <property name="basedir" value="/Users/baileyvanwormer/SpringBootTest"/>
    <property name="java.vm.compressedOopsMode" value="Zero based"/>
    <property name="line.separator" value="&#10;"/>
    <property name="java.vm.specification.vendor" value="Oracle Corporation"/>
    <property name="java.specification.name" value="Java Platform API Specification"/>
    <property name="FILE_LOG_CHARSET" value="UTF-8"/>
    <property name="java.awt.headless" value="true"/>
    <property name="surefire.real.class.path" value="/Users/baileyvanwormer/SpringBootTest/target/surefire/surefirebooter-20250930232957690_3.jar"/>
    <property name="sun.management.compiler" value="HotSpot 64-Bit Tiered Compilers"/>
    <property name="ftp.nonProxyHosts" value="local|*.local|169.254/16|*.169.254/16"/>
    <property name="java.runtime.version" value="17.0.9+11-LTS"/>
    <property name="user.name" value="baileyvanwormer"/>
    <property name="path.separator" value=":"/>
    <property name="os.version" value="14.3.1"/>
    <property name="java.runtime.name" value="OpenJDK Runtime Environment"/>
    <property name="file.encoding" value="UTF-8"/>
    <property name="java.vm.name" value="OpenJDK 64-Bit Server VM"/>
    <property name="localRepository" value="/Users/baileyvanwormer/.m2/repository"/>
    <property name="java.vendor.url.bug" value="https://bell-sw.com/support"/>
    <property name="java.io.tmpdir" value="/var/folders/0x/c11twf3s29v2stb_3h9z79zh0000gn/T/"/>
    <property name="catalina.home" value="/private/var/folders/0x/c11twf3s29v2stb_3h9z79zh0000gn/T/tomcat.0.1821000458441862189"/>
    <property name="java.version" value="17.0.9"/>
    <property name="user.dir" value="/Users/baileyvanwormer/SpringBootTest"/>
    <property name="os.arch" value="aarch64"/>
    <property name="java.vm.specification.name" value="Java Virtual Machine Specification"/>
    <property name="PID" value="52348"/>
    <property name="CONSOLE_LOG_CHARSET" value="UTF-8"/>
    <property name="catalina.base" value="/private/var/folders/0x/c11twf3s29v2stb_3h9z79zh0000gn/T/tomcat.0.1821000458441862189"/>
    <property name="native.encoding" value="UTF-8"/>
    <property name="java.library.path" value="/Users/baileyvanwormer/Library/Java/Extensions:/Library/Java/Extensions:/Network/Library/Java/Extensions:/System/Library/Java/Extensions:/usr/lib/java:."/>
    <property name="java.vm.info" value="mixed mode, sharing"/>
    <property name="java.vendor" value="BellSoft"/>
    <property name="java.vm.version" value="17.0.9+11-LTS"/>
    <property name="sun.io.unicode.encoding" value="UnicodeBig"/>
    <property name="socksNonProxyHosts" value="local|*.local|169.254/16|*.169.254/16"/>
    <property name="java.class.version" value="61.0"/>
    <property name="LOGGED_APPLICATION_NAME" value="[Agify Age Estimator] "/>
  </properties>
  <testcase name="testGetAgeByName_EmptyName" classname="com.example.agifyapp.service.AgifyServiceIntegrationTest" time="0.294">
    <system-out><![CDATA[2025-09-30T23:29:59.201-04:00  INFO 52348 --- [Agify Age Estimator] [           main] t.c.s.AnnotationConfigContextLoaderUtils : Could not detect default configuration classes for test class [com.example.agifyapp.service.AgifyServiceIntegrationTest]: AgifyServiceIntegrationTest does not declare any static, non-private, non-final, nested classes annotated with @Configuration.
2025-09-30T23:29:59.207-04:00  INFO 52348 --- [Agify Age Estimator] [           main] .b.t.c.SpringBootTestContextBootstrapper : Found @SpringBootConfiguration com.example.agifyapp.AgifyAppApplication for test class com.example.agifyapp.service.AgifyServiceIntegrationTest

  .   ____          _            __ _ _
 /\\ / ___'_ __ _ _(_)_ __  __ _ \ \ \ \
( ( )\___ | '_ | '_| | '_ \/ _` | \ \ \ \
 \\/  ___)| |_)| | | | | || (_| |  ) ) ) )
  '  |____| .__|_| |_|_| |_\__, | / / / /
 =========|_|==============|___/=/_/_/_/
 :: Spring Boot ::                (v3.2.0)

2025-09-30T23:29:59.229-04:00  INFO 52348 --- [Agify Age Estimator] [           main] c.e.a.s.AgifyServiceIntegrationTest      : Starting AgifyServiceIntegrationTest using Java 17.0.9 with PID 52348 (started by baileyvanwormer in /Users/baileyvanwormer/SpringBootTest)
2025-09-30T23:29:59.229-04:00 DEBUG 52348 --- [Agify Age Estimator] [           main] c.e.a.s.AgifyServiceIntegrationTest      : Running with Spring Boot v3.2.0, Spring v6.1.1
2025-09-30T23:29:59.229-04:00  INFO 52348 --- [Agify Age Estimator] [           main] c.e.a.s.AgifyServiceIntegrationTest      : No active profile set, falling back to 1 default profile: "default"
2025-09-30T23:29:59.362-04:00  INFO 52348 --- [Agify Age Estimator] [           main] o.s.b.w.embedded.tomcat.TomcatWebServer  : Tomcat initialized with port 0 (http)
2025-09-30T23:29:59.366-04:00  INFO 52348 --- [Agify Age Estimator] [           main] o.apache.catalina.core.StandardService   : Starting service [Tomcat]
2025-09-30T23:29:59.367-04:00  INFO 52348 --- [Agify Age Estimator] [           main] o.apache.catalina.core.StandardEngine    : Starting Servlet engine: [Apache Tomcat/10.1.16]
2025-09-30T23:29:59.386-04:00  INFO 52348 --- [Agify Age Estimator] [           main] o.a.c.c.C.[Tomcat].[localhost].[/]       : Initializing Spring embedded WebApplicationContext
2025-09-30T23:29:59.386-04:00  INFO 52348 --- [Agify Age Estimator] [           main] w.s.c.ServletWebServerApplicationContext : Root WebApplicationContext: initialization completed in 156 ms
2025-09-30T23:29:59.414-04:00  INFO 52348 --- [Agify Age Estimator] [           main] o.s.b.a.w.s.WelcomePageHandlerMapping    : Adding welcome page template: index
2025-09-30T23:29:59.420-04:00 DEBUG 52348 --- [Agify Age Estimator] [           main] s.w.s.m.m.a.RequestMappingHandlerMapping : 5 mappings in 'requestMappingHandlerMapping'
2025-09-30T23:29:59.434-04:00 DEBUG 52348 --- [Agify Age Estimator] [           main] o.s.w.s.handler.SimpleUrlHandlerMapping  : Patterns [/webjars/**, /**] in 'resourceHandlerMapping'
2025-09-30T23:29:59.436-04:00 DEBUG 52348 --- [Agify Age Estimator] [           main] s.w.s.m.m.a.RequestMappingHandlerAdapter : ControllerAdvice beans: 0 @ModelAttribute, 0 @InitBinder, 1 RequestBodyAdvice, 1 ResponseBodyAdvice
2025-09-30T23:29:59.437-04:00 DEBUG 52348 --- [Agify Age Estimator] [           main] .m.m.a.ExceptionHandlerExceptionResolver : ControllerAdvice beans: 0 @ExceptionHandler, 1 ResponseBodyAdvice
2025-09-30T23:29:59.468-04:00  INFO 52348 --- [Agify Age Estimator] [           main] o.s.b.w.embedded.tomcat.TomcatWebServer  : Tomcat started on port 57166 (http) with context path ''
2025-09-30T23:29:59.471-04:00  INFO 52348 --- [Agify Age Estimator] [           main] c.e.a.s.AgifyServiceIntegrationTest      : Started AgifyServiceIntegrationTest in 0.26 seconds (process running for 1.751)
2025-09-30T23:29:59.521-04:00 DEBUG 52348 --- [Agify Age Estimator] [           main] o.s.web.client.RestTemplate              : HTTP GET https://api.agify.io?name=
2025-09-30T23:29:59.547-04:00 DEBUG 52348 --- [Agify Age Estimator] [           main] o.s.web.client.RestTemplate              : Accept=[application/json, application/*+json]
2025-09-30T23:29:59.754-04:00 DEBUG 52348 --- [Agify Age Estimator] [           main] o.s.web.client.RestTemplate              : Response 200 OK
2025-09-30T23:29:59.754-04:00 DEBUG 52348 --- [Agify Age Estimator] [           main] o.s.web.client.RestTemplate              : Reading to [com.example.agifyapp.model.AgifyResponse]
]]></system-out>
  </testcase>
  <testcase name="testGetAgeByNameAndCountry_ValidNameAndCountry" classname="com.example.agifyapp.service.AgifyServiceIntegrationTest" time="0.039">
    <system-out><![CDATA[2025-09-30T23:29:59.767-04:00 DEBUG 52348 --- [Agify Age Estimator] [           main] o.s.web.client.RestTemplate              : HTTP GET https://api.agify.io?name=Sarah&country_id=US
2025-09-30T23:29:59.767-04:00 DEBUG 52348 --- [Agify Age Estimator] [           main] o.s.web.client.RestTemplate              : Accept=[application/json, application/*+json]
2025-09-30T23:29:59.804-04:00 DEBUG 52348 --- [Agify Age Estimator] [           main] o.s.web.client.RestTemplate              : Response 200 OK
2025-09-30T23:29:59.804-04:00 DEBUG 52348 --- [Agify Age Estimator] [           main] o.s.web.client.RestTemplate              : Reading to [com.example.agifyapp.model.AgifyResponse]
]]></system-out>
  </testcase>
  <testcase name="testGetAgeByName_ValidName" classname="com.example.agifyapp.service.AgifyServiceIntegrationTest" time="0.037">
    <system-out><![CDATA[2025-09-30T23:29:59.806-04:00 DEBUG 52348 --- [Agify Age Estimator] [           main] o.s.web.client.RestTemplate              : HTTP GET https://api.agify.io?name=John
2025-09-30T23:29:59.806-04:00 DEBUG 52348 --- [Agify Age Estimator] [           main] o.s.web.client.RestTemplate              : Accept=[application/json, application/*+json]
2025-09-30T23:29:59.842-04:00 DEBUG 52348 --- [Agify Age Estimator] [           main] o.s.web.client.RestTemplate              : Response 200 OK
2025-09-30T23:29:59.842-04:00 DEBUG 52348 --- [Agify Age Estimator] [           main] o.s.web.client.RestTemplate              : Reading to [com.example.agifyapp.model.AgifyResponse]
]]></system-out>
  </testcase>
</testsuite>